libraries/cms/cmsloader.php
libraries/joomla/database/databaseexception.php
libraries/joomla/database/databasequery.php
libraries/joomla/environment/response.php
libraries/joomla/form/fields/templatestyle.php
libraries/joomla/form/fields/user.php
libraries/joomla/form/fields/menu.php
libraries/joomla/form/fields/helpsite.php
libraries/joomla/github/gists.php
libraries/joomla/github/issues.php
libraries/joomla/github/pulls.php
libraries/joomla/log/logentry.php
administrator/components/com_admin/sql/updates/mysql/1.7.0.sql
administrator/components/com_admin/sql/updates/sqlsrv/2.5.2-2012-03-05.sql
administrator/components/com_admin/sql/updates/sqlsrv/2.5.3-2012-03-13.sql
administrator/components/com_admin/sql/updates/sqlsrv/index.html
administrator/components/com_content/models/fields/filters.php
administrator/components/com_users/controllers/config.php
administrator/components/com_users/helpers/levels.php
administrator/language/en-GB/en-GB.plg_system_finder.ini
administrator/language/en-GB/en-GB.plg_system_finder.sys.ini
administrator/modules/mod_quickicon/tmpl/default_button.php
media/editors/tinymce/jscripts/tiny_mce/plugins/advhr/editor_plugin_src.js
media/editors/tinymce/jscripts/tiny_mce/plugins/advimage/editor_plugin_src.js
media/editors/tinymce/jscripts/tiny_mce/plugins/advlink/editor_plugin_src.js
media/editors/tinymce/jscripts/tiny_mce/plugins/advlist/editor_plugin_src.js
media/editors/tinymce/jscripts/tiny_mce/plugins/autolink/editor_plugin_src.js
media/editors/tinymce/jscripts/tiny_mce/plugins/autoresize/editor_plugin_src.js
media/editors/tinymce/jscripts/tiny_mce/plugins/autosave/editor_plugin_src.js
media/editors/tinymce/jscripts/tiny_mce/plugins/bbcode/editor_plugin_src.js
media/editors/tinymce/jscripts/tiny_mce/plugins/contextmenu/editor_plugin_src.js
media/editors/tinymce/jscripts/tiny_mce/plugins/directionality/editor_plugin_src.js
media/editors/tinymce/jscripts/tiny_mce/plugins/emotions/editor_plugin_src.js
media/editors/tinymce/jscripts/tiny_mce/plugins/fullpage/editor_plugin_src.js
media/editors/tinymce/jscripts/tiny_mce/plugins/fullscreen/editor_plugin_src.js
media/editors/tinymce/jscripts/tiny_mce/plugins/iespell/editor_plugin_src.js
media/editors/tinymce/jscripts/tiny_mce/plugins/inlinepopups/editor_plugin_src.js
media/editors/tinymce/jscripts/tiny_mce/plugins/insertdatetime/editor_plugin_src.js
media/editors/tinymce/jscripts/tiny_mce/plugins/layer/editor_plugin_src.js
media/editors/tinymce/jscripts/tiny_mce/plugins/lists/editor_plugin_src.js
media/editors/tinymce/jscripts/tiny_mce/plugins/media/editor_plugin_src.js
media/editors/tinymce/jscripts/tiny_mce/plugins/nonbreaking/editor_plugin_src.js
media/editors/tinymce/jscripts/tiny_mce/plugins/noneditable/editor_plugin_src.js
media/editors/tinymce/jscripts/tiny_mce/plugins/pagebreak/editor_plugin_src.js
media/editors/tinymce/jscripts/tiny_mce/plugins/paste/editor_plugin_src.js
media/editors/tinymce/jscripts/tiny_mce/plugins/preview/editor_plugin_src.js
media/editors/tinymce/jscripts/tiny_mce/plugins/print/editor_plugin_src.js
media/editors/tinymce/jscripts/tiny_mce/plugins/save/editor_plugin_src.js
media/editors/tinymce/jscripts/tiny_mce/plugins/searchreplace/editor_plugin_src.js
media/editors/tinymce/jscripts/tiny_mce/plugins/spellchecker/editor_plugin_src.js
media/editors/tinymce/jscripts/tiny_mce/plugins/style/editor_plugin_src.js
media/editors/tinymce/jscripts/tiny_mce/plugins/tabfocus/editor_plugin_src.js
media/editors/tinymce/jscripts/tiny_mce/plugins/table/editor_plugin_src.js
media/editors/tinymce/jscripts/tiny_mce/plugins/template/editor_plugin_src.js
media/editors/tinymce/jscripts/tiny_mce/plugins/visualchars/editor_plugin_src.js
media/editors/tinymce/jscripts/tiny_mce/plugins/wordcount/editor_plugin_src.js
media/editors/tinymce/jscripts/tiny_mce/plugins/xhtmlxtras/editor_plugin_src.js
media/editors/tinymce/jscripts/tiny_mce/themes/advanced/editor_template_src.js
media/editors/tinymce/jscripts/tiny_mce/themes/simple/editor_template_src.js
media/editors/tinymce/jscripts/tiny_mce/tiny_mce_src.js
media/com_finder/images/calendar.png
media/com_finder/images/mime/index.html
media/com_finder/images/mime/pdf.png
components/com_media/controller.php
components/com_media/helpers/index.html
components/com_media/helpers/media.php
